#
# A fatal error has been detected by the Java Runtime Environment:
#
#  Internal Error (constantTag.cpp:60), pid=5594, tid=14083
#  Error: ShouldNotReachHere()
#
# JRE version: Java(TM) SE Runtime Environment (9.0+11) (build 9.0.1+11)
# Java VM: Java HotSpot(TM) 64-Bit Server VM (9.0.1+11, mixed mode, tiered, compressed oops, g1 gc, bsd-amd64)
# No core dump will be written. Core dumps have been disabled. To enable core dumping, try "ulimit -c unlimited" before starting Java again
#
# If you would like to submit a bug report, please visit:
#   http://bugreport.java.com/bugreport/crash.jsp
#

---------------  S U M M A R Y ------------

Command Line: -agentlib:jdwp=transport=dt_socket,address=127.0.0.1:60019,suspend=y,server=n -ea -Didea.test.cyclic.buffer.size=1048576 -Dfile.encoding=UTF-8 com.intellij.rt.execution.junit.JUnitStarter -ideVersion5 -junit4 com.restwebservice.synethesis.controllers.UserControllerTest,createUserNameValidationTest

Host: MacBookPro14,1 x86_64 2300 MHz, 4 cores, 8G, Darwin 18.0.0
Time: Thu Jun 13 04:13:58 2019 PDT elapsed time: 690 seconds (0d 0h 11m 30s)

---------------  T H R E A D  ---------------

Current thread (0x00007fe5d8099800):  VMThread "VM Thread" [stack: 0x00007000034a6000,0x00007000035a6000] [id=14083]

Stack: [0x00007000034a6000,0x00007000035a6000],  sp=0x00007000035a5360,  free space=1020k
Native frames: (J=compiled Java code, A=aot compiled Java code, j=interpreted, Vv=VM code, C=native code)
V  [libjvm.dylib+0x73d46b]
V  [libjvm.dylib+0x73db28]
V  [libjvm.dylib+0x26b9cc]
V  [libjvm.dylib+0x267d6c]
V  [libjvm.dylib+0x141adc]
V  [libjvm.dylib+0x350c15]
V  [libjvm.dylib+0x34fa09]
V  [libjvm.dylib+0x34f71f]
V  [libjvm.dylib+0x34f405]
V  [libjvm.dylib+0x351947]
V  [libjvm.dylib+0x5e7eb8]
V  [libjvm.dylib+0x5e861c]
V  [libjvm.dylib+0x5e8ceb]
V  [libjvm.dylib+0x5e8b17]
V  [libjvm.dylib+0x5b1e67]
V  [libjvm.dylib+0x4a6731]
V  [libjvm.dylib+0x746727]
V  [libjvm.dylib+0x745d9c]
V  [libjvm.dylib+0x745a8e]
V  [libjvm.dylib+0x7456b9]
V  [libjvm.dylib+0x5ef563]
C  [libsystem_pthread.dylib+0x333d]  _pthread_body+0x7e
C  [libsystem_pthread.dylib+0x62a7]  _pthread_start+0x46
C  [libsystem_pthread.dylib+0x2425]  thread_start+0xd

VM_Operation (0x0000700003ec0a08): GetOrSetLocal, mode: safepoint, requested by thread 0x00007fe5d70a4800


---------------  P R O C E S S  ---------------

Java Threads: ( => current thread )
  0x00007fe5d8089800 JavaThread "Service Thread" daemon [_thread_blocked, id=41475, stack(0x00007000040ca000,0x00007000041ca000)]
  0x00007fe5d70a5800 JavaThread "JDWP Command Reader" daemon [_thread_in_native, id=23811, stack(0x0000700003fc7000,0x00007000040c7000)]
  0x00007fe5d780c800 JavaThread "JDWP Event Helper Thread" daemon [_thread_blocked, id=23299, stack(0x0000700003ec4000,0x0000700003fc4000)]
  0x00007fe5d70a4800 JavaThread "JDWP Transport Listener: dt_socket" daemon [_thread_blocked, id=22791, stack(0x0000700003dc1000,0x0000700003ec1000)]
  0x00007fe5d6820000 JavaThread "Common-Cleaner" daemon [_thread_blocked, id=42243, stack(0x0000700003cbe000,0x0000700003dbe000)]
  0x00007fe5d6814800 JavaThread "Sweeper thread" daemon [_thread_blocked, id=22531, stack(0x0000700003bbb000,0x0000700003cbb000)]
  0x00007fe5d7824000 JavaThread "C1 CompilerThread2" daemon [_thread_blocked, id=43011, stack(0x0000700003ab8000,0x0000700003bb8000)]
  0x00007fe5d6814000 JavaThread "C2 CompilerThread1" daemon [_thread_blocked, id=22275, stack(0x00007000039b5000,0x0000700003ab5000)]
  0x00007fe5d6813000 JavaThread "C2 CompilerThread0" daemon [_thread_blocked, id=21763, stack(0x00007000038b2000,0x00007000039b2000)]
  0x00007fe5d6812000 JavaThread "Signal Dispatcher" daemon [_thread_blocked, id=16643, stack(0x00007000037af000,0x00007000038af000)]
  0x00007fe5d6807000 JavaThread "Finalizer" daemon [_thread_blocked, id=14851, stack(0x00007000036ac000,0x00007000037ac000)]
  0x00007fe5d809a000 JavaThread "Reference Handler" daemon [_thread_blocked, id=14595, stack(0x00007000035a9000,0x00007000036a9000)]
  0x00007fe5d7801800 JavaThread "main" [_thread_blocked, id=6659, stack(0x0000700002882000,0x0000700002982000)]

Other Threads:
=>0x00007fe5d8099800 VMThread "VM Thread" [stack: 0x00007000034a6000,0x00007000035a6000] [id=14083]
  0x00007fe5d8061000 WatcherThread [stack: 0x00007000041cd000,0x00007000042cd000] [id=41219]
  0x00007fe5d701c800 GCTaskThread "GC Thread#0" [stack: 0x0000700002985000,0x0000700002a85000] [id=21251]
  0x00007fe5d6803800 GCTaskThread "GC Thread#1" [stack: 0x0000700002a88000,0x0000700002b88000] [id=11011]
  0x00007fe5d8000000 GCTaskThread "GC Thread#2" [stack: 0x0000700002b8b000,0x0000700002c8b000] [id=11267]
  0x00007fe5d8001000 GCTaskThread "GC Thread#3" [stack: 0x0000700002c8e000,0x0000700002d8e000] [id=20227]
  0x00007fe5d8029800 ConcurrentGCThread "G1 Main Marker" [stack: 0x00007000032a0000,0x00007000033a0000] [id=13059]
  0x00007fe5d802a000 ConcurrentGCThread "G1 Marker#0" [stack: 0x00007000033a3000,0x00007000034a3000] [id=13827]
  0x00007fe5d8003800 ConcurrentGCThread "G1 Refine#0" [stack: 0x000070000309a000,0x000070000319a000] [id=18947]
  0x00007fe5d8003000 ConcurrentGCThread "G1 Refine#1" [stack: 0x0000700002f97000,0x0000700003097000] [id=19459]
  0x00007fe5d8002000 ConcurrentGCThread "G1 Refine#2" [stack: 0x0000700002e94000,0x0000700002f94000] [id=11779]
  0x00007fe5d8001800 ConcurrentGCThread "G1 Refine#3" [stack: 0x0000700002d91000,0x0000700002e91000] [id=11523]
  0x00007fe5d8004800 ConcurrentGCThread "G1 Young RemSet Sampling" [stack: 0x000070000319d000,0x000070000329d000] [id=12547]

Threads with active compile tasks:

VM state:at safepoint (normal execution)

VM Mutex/Monitor currently owned by a thread:  ([mutex/lock_event])
[0x00007fe5d660f230] Threads_lock - owner thread: 0x00007fe5d8099800

Heap address: 0x0000000740000000, size: 2048 MB, Compressed Oops mode: Zero based, Oop shift amount: 3
Narrow klass base: 0x0000000000000000, Narrow klass shift: 3
Compressed class space size: 1073741824 Address: 0x00000007c0000000

Heap:
 garbage-first heap   total 157696K, used 55034K [0x0000000740000000, 0x00000007401004d0, 0x00000007c0000000)
  region size 1024K, 38 young (38912K), 5 survivors (5120K)
 Metaspace       used 43733K, capacity 45890K, committed 46156K, reserved 1089536K
  class space    used 5586K, capacity 5935K, committed 5964K, reserved 1048576K
Heap Regions: E=young(eden), S=young(survivor), O=old, HS=humongous(starts), HC=humongous(continues), CS=collection set, F=free, A=archive, TS=gc time stamp, AC=allocation context, TAMS=top-at-mark-start (previous, next)
|   0|0x0000000740000000, 0x0000000740100000, 0x0000000740100000|100%|HS|  |TS  0|AC  0|TAMS 0x0000000740100000, 0x0000000740100000|
|   1|0x0000000740100000, 0x0000000740200000, 0x0000000740200000|100%| O|  |TS  0|AC  0|TAMS 0x0000000740200000, 0x0000000740200000|
|   2|0x0000000740200000, 0x0000000740300000, 0x0000000740300000|100%| O|  |TS  0|AC  0|TAMS 0x0000000740300000, 0x0000000740300000|
|   3|0x0000000740300000, 0x0000000740400000, 0x0000000740400000|100%| O|  |TS  0|AC  0|TAMS 0x0000000740400000, 0x0000000740400000|
|   4|0x0000000740400000, 0x0000000740500000, 0x0000000740500000|100%| O|  |TS  0|AC  0|TAMS 0x0000000740500000, 0x0000000740500000|
|   5|0x0000000740500000, 0x0000000740600000, 0x0000000740600000|100%| O|  |TS  0|AC  0|TAMS 0x0000000740600000, 0x0000000740600000|
|   6|0x0000000740600000, 0x0000000740700000, 0x0000000740700000|100%| O|  |TS  0|AC  0|TAMS 0x0000000740700000, 0x0000000740700000|
|   7|0x0000000740700000, 0x0000000740800000, 0x0000000740800000|100%| O|  |TS  0|AC  0|TAMS 0x0000000740800000, 0x0000000740800000|
|   8|0x0000000740800000, 0x0000000740900000, 0x0000000740900000|100%| O|  |TS  0|AC  0|TAMS 0x0000000740900000, 0x0000000740900000|
|   9|0x0000000740900000, 0x0000000740a00000, 0x0000000740a00000|100%| O|  |TS  0|AC  0|TAMS 0x0000000740a00000, 0x0000000740a00000|
|  10|0x0000000740a00000, 0x0000000740b00000, 0x0000000740b00000|100%| O|  |TS  0|AC  0|TAMS 0x0000000740b00000, 0x0000000740b00000|
|  11|0x0000000740b00000, 0x0000000740c00000, 0x0000000740c00000|100%| O|  |TS  0|AC  0|TAMS 0x0000000740c00000, 0x0000000740c00000|
|  12|0x0000000740c00000, 0x0000000740d00000, 0x0000000740d00000|100%| O|  |TS  0|AC  0|TAMS 0x0000000740d00000, 0x0000000740d00000|
|  13|0x0000000740d00000, 0x0000000740e00000, 0x0000000740e00000|100%| O|  |TS  0|AC  0|TAMS 0x0000000740e00000, 0x0000000740e00000|
|  14|0x0000000740e00000, 0x0000000740f00000, 0x0000000740f00000|100%| O|  |TS  3|AC  0|TAMS 0x0000000740e4c600, 0x0000000740e4c600|
|  15|0x0000000740f00000, 0x0000000741000000, 0x0000000741000000|100%| O|  |TS  3|AC  0|TAMS 0x0000000740f00000, 0x0000000740f00000|
|  16|0x0000000741000000, 0x00000007410be800, 0x0000000741100000| 74%| O|  |TS  3|AC  0|TAMS 0x0000000741000000, 0x0000000741000000|
|  17|0x0000000741100000, 0x0000000741100000, 0x0000000741200000|  0%| F|  |TS  0|AC  0|TAMS 0x0000000741100000, 0x0000000741100000|
|  18|0x0000000741200000, 0x0000000741200000, 0x0000000741300000|  0%| F|  |TS  0|AC  0|TAMS 0x0000000741200000, 0x0000000741200000|
|  19|0x0000000741300000, 0x0000000741300000, 0x0000000741400000|  0%| F|  |TS  0|AC  0|TAMS 0x0000000741300000, 0x0000000741300000|
|  20|0x0000000741400000, 0x0000000741400000, 0x0000000741500000|  0%| F|  |TS  0|AC  0|TAMS 0x0000000741400000, 0x0000000741400000|
|  21|0x0000000741500000, 0x0000000741500000, 0x0000000741600000|  0%| F|  |TS  0|AC  0|TAMS 0x0000000741500000, 0x0000000741500000|
|  22|0x0000000741600000, 0x0000000741600000, 0x0000000741700000|  0%| F|  |TS  0|AC  0|TAMS 0x0000000741600000, 0x0000000741600000|
|  23|0x0000000741700000, 0x0000000741700000, 0x0000000741800000|  0%| F|  |TS  0|AC  0|TAMS 0x0000000741700000, 0x0000000741700000|
|  24|0x0000000741800000, 0x0000000741800000, 0x0000000741900000|  0%| F|  |TS  0|AC  0|TAMS 0x0000000741800000, 0x0000000741800000|
|  25|0x0000000741900000, 0x0000000741900000, 0x0000000741a00000|  0%| F|  |TS  0|AC  0|TAMS 0x0000000741900000, 0x0000000741900000|
|  26|0x0000000741a00000, 0x0000000741a00000, 0x0000000741b00000|  0%| F|  |TS  0|AC  0|TAMS 0x0000000741a00000, 0x0000000741a00000|
|  27|0x0000000741b00000, 0x0000000741b00000, 0x0000000741c00000|  0%| F|  |TS  0|AC  0|TAMS 0x0000000741b00000, 0x0000000741b00000|
|  28|0x0000000741c00000, 0x0000000741c00000, 0x0000000741d00000|  0%| F|  |TS  0|AC  0|TAMS 0x0000000741c00000, 0x0000000741c00000|
|  29|0x0000000741d00000, 0x0000000741d00000, 0x0000000741e00000|  0%| F|  |TS  0|AC  0|TAMS 0x0000000741d00000, 0x0000000741d00000|
|  30|0x0000000741e00000, 0x0000000741e00000, 0x0000000741f00000|  0%| F|  |TS  0|AC  0|TAMS 0x0000000741e00000, 0x0000000741e00000|
|  31|0x0000000741f00000, 0x0000000741f00000, 0x0000000742000000|  0%| F|  |TS  0|AC  0|TAMS 0x0000000741f00000, 0x0000000741f00000|
|  32|0x0000000742000000, 0x0000000742000000, 0x0000000742100000|  0%| F|  |TS  0|AC  0|TAMS 0x0000000742000000, 0x0000000742000000|
|  33|0x0000000742100000, 0x0000000742100000, 0x0000000742200000|  0%| F|  |TS  0|AC  0|TAMS 0x0000000742100000, 0x0000000742100000|
|  34|0x0000000742200000, 0x0000000742200000, 0x0000000742300000|  0%| F|  |TS  0|AC  0|TAMS 0x0000000742200000, 0x0000000742200000|
|  35|0x0000000742300000, 0x0000000742300000, 0x0000000742400000|  0%| F|  |TS  0|AC  0|TAMS 0x0000000742300000, 0x0000000742300000|
|  36|0x0000000742400000, 0x0000000742400000, 0x0000000742500000|  0%| F|  |TS  0|AC  0|TAMS 0x0000000742400000, 0x0000000742400000|
|  37|0x0000000742500000, 0x0000000742500000, 0x0000000742600000|  0%| F|  |TS  0|AC  0|TAMS 0x0000000742500000, 0x0000000742500000|
|  38|0x0000000742600000, 0x0000000742600000, 0x0000000742700000|  0%| F|  |TS  0|AC  0|TAMS 0x0000000742600000, 0x0000000742600000|
|  39|0x0000000742700000, 0x0000000742700000, 0x0000000742800000|  0%| F|  |TS  0|AC  0|TAMS 0x0000000742700000, 0x0000000742700000|
|  40|0x0000000742800000, 0x0000000742800000, 0x0000000742900000|  0%| F|  |TS  0|AC  0|TAMS 0x0000000742800000, 0x0000000742800000|
|  41|0x0000000742900000, 0x0000000742900000, 0x0000000742a00000|  0%| F|  |TS  0|AC  0|TAMS 0x0000000742900000, 0x0000000742900000|
|  42|0x0000000742a00000, 0x0000000742a00000, 0x0000000742b00000|  0%| F|  |TS  0|AC  0|TAMS 0x0000000742a00000, 0x0000000742a00000|
|  43|0x0000000742b00000, 0x0000000742b00000, 0x0000000742c00000|  0%| F|  |TS  0|AC  0|TAMS 0x0000000742b00000, 0x0000000742b00000|
|  44|0x0000000742c00000, 0x0000000742c00000, 0x0000000742d00000|  0%| F|  |TS  0|AC  0|TAMS 0x0000000742c00000, 0x0000000742c00000|
|  45|0x0000000742d00000, 0x0000000742d00000, 0x0000000742e00000|  0%| F|  |TS  0|AC  0|TAMS 0x0000000742d00000, 0x0000000742d00000|
|  46|0x0000000742e00000, 0x0000000742e00000, 0x0000000742f00000|  0%| F|  |TS  0|AC  0|TAMS 0x0000000742e00000, 0x0000000742e00000|
|  47|0x0000000742f00000, 0x0000000742f00000, 0x0000000743000000|  0%| F|  |TS  0|AC  0|TAMS 0x0000000742f00000, 0x0000000742f00000|
|  48|0x0000000743000000, 0x0000000743000000, 0x0000000743100000|  0%| F|  |TS  0|AC  0|TAMS 0x0000000743000000, 0x0000000743000000|
|  49|0x0000000743100000, 0x0000000743100000, 0x0000000743200000|  0%| F|  |TS  0|AC  0|TAMS 0x0000000743100000, 0x0000000743100000|
|  50|0x0000000743200000, 0x0000000743200000, 0x0000000743300000|  0%| F|  |TS  0|AC  0|TAMS 0x0000000743200000, 0x0000000743200000|
|  51|0x0000000743300000, 0x0000000743300000, 0x0000000743400000|  0%| F|  |TS  0|AC  0|TAMS 0x0000000743300000, 0x0000000743300000|
|  52|0x0000000743400000, 0x0000000743400000, 0x0000000743500000|  0%| F|  |TS  0|AC  0|TAMS 0x0000000743400000, 0x0000000743400000|
|  53|0x0000000743500000, 0x0000000743500000, 0x0000000743600000|  0%| F|  |TS  0|AC  0|TAMS 0x0000000743500000, 0x0000000743500000|
|  54|0x0000000743600000, 0x0000000743600000, 0x0000000743700000|  0%| F|  |TS  3|AC  0|TAMS 0x0000000743600000, 0x0000000743600000|
|  55|0x0000000743700000, 0x0000000743700000, 0x0000000743800000|  0%| F|  |TS  3|AC  0|TAMS 0x0000000743700000, 0x0000000743700000|
|  56|0x0000000743800000, 0x0000000743800000, 0x0000000743900000|  0%| F|  |TS  3|AC  0|TAMS 0x0000000743800000, 0x0000000743800000|
|  57|0x0000000743900000, 0x0000000743900000, 0x0000000743a00000|  0%| F|  |TS  3|AC  0|TAMS 0x0000000743900000, 0x0000000743900000|
|  58|0x0000000743a00000, 0x0000000743a00000, 0x0000000743b00000|  0%| F|  |TS  3|AC  0|TAMS 0x0000000743a00000, 0x0000000743a00000|
|  59|0x0000000743b00000, 0x0000000743b00000, 0x0000000743c00000|  0%| F|  |TS  3|AC  0|TAMS 0x0000000743b00000, 0x0000000743b00000|
|  60|0x0000000743c00000, 0x0000000743c00000, 0x0000000743d00000|  0%| F|  |TS  3|AC  0|TAMS 0x0000000743c00000, 0x0000000743c00000|
|  61|0x0000000743d00000, 0x0000000743d00000, 0x0000000743e00000|  0%| F|  |TS  3|AC  0|TAMS 0x0000000743d00000, 0x0000000743d00000|
|  62|0x0000000743e00000, 0x0000000743e00000, 0x0000000743f00000|  0%| F|  |TS  1|AC  0|TAMS 0x0000000743e00000, 0x0000000743e00000|
|  63|0x0000000743f00000, 0x0000000743f00000, 0x0000000744000000|  0%| F|  |TS  1|AC  0|TAMS 0x0000000743f00000, 0x0000000743f00000|
|  64|0x0000000744000000, 0x0000000744000000, 0x0000000744100000|  0%| F|  |TS  1|AC  0|TAMS 0x0000000744000000, 0x0000000744000000|
|  65|0x0000000744100000, 0x0000000744200000, 0x0000000744200000|100%| S|CS|TS  3|AC  0|TAMS 0x0000000744100000, 0x0000000744100000|
|  66|0x0000000744200000, 0x0000000744300000, 0x0000000744300000|100%| S|CS|TS  3|AC  0|TAMS 0x0000000744200000, 0x0000000744200000|
|  67|0x0000000744300000, 0x0000000744400000, 0x0000000744400000|100%| S|CS|TS  3|AC  0|TAMS 0x0000000744300000, 0x0000000744300000|
|  68|0x0000000744400000, 0x0000000744500000, 0x0000000744500000|100%| S|CS|TS  3|AC  0|TAMS 0x0000000744400000, 0x0000000744400000|
|  69|0x0000000744500000, 0x0000000744600000, 0x0000000744600000|100%| S|CS|TS  3|AC  0|TAMS 0x0000000744500000, 0x0000000744500000|
|  70|0x0000000744600000, 0x0000000744600000, 0x0000000744700000|  0%| F|  |TS  3|AC  0|TAMS 0x0000000744600000, 0x0000000744600000|
|  71|0x0000000744700000, 0x0000000744700000, 0x0000000744800000|  0%| F|  |TS  3|AC  0|TAMS 0x0000000744700000, 0x0000000744700000|
|  72|0x0000000744800000, 0x0000000744800000, 0x0000000744900000|  0%| F|  |TS  3|AC  0|TAMS 0x0000000744800000, 0x0000000744800000|
|  73|0x0000000744900000, 0x0000000744900000, 0x0000000744a00000|  0%| F|  |TS  3|AC  0|TAMS 0x0000000744900000, 0x0000000744900000|
|  74|0x0000000744a00000, 0x0000000744a00000, 0x0000000744b00000|  0%| F|  |TS  3|AC  0|TAMS 0x0000000744a00000, 0x0000000744a00000|
|  75|0x0000000744b00000, 0x0000000744b00000, 0x0000000744c00000|  0%| F|  |TS  3|AC  0|TAMS 0x0000000744b00000, 0x0000000744b00000|
|  76|0x0000000744c00000, 0x0000000744c00000, 0x0000000744d00000|  0%| F|  |TS  3|AC  0|TAMS 0x0000000744c00000, 0x0000000744c00000|
|  77|0x0000000744d00000, 0x0000000744d00000, 0x0000000744e00000|  0%| F|  |TS  3|AC  0|TAMS 0x0000000744d00000, 0x0000000744d00000|
|  78|0x0000000744e00000, 0x0000000744e00000, 0x0000000744f00000|  0%| F|  |TS  3|AC  0|TAMS 0x0000000744e00000, 0x0000000744e00000|
|  79|0x0000000744f00000, 0x0000000744f00000, 0x0000000745000000|  0%| F|  |TS  3|AC  0|TAMS 0x0000000744f00000, 0x0000000744f00000|
|  80|0x0000000745000000, 0x0000000745000000, 0x0000000745100000|  0%| F|  |TS  3|AC  0|TAMS 0x0000000745000000, 0x0000000745000000|
|  81|0x0000000745100000, 0x0000000745100000, 0x0000000745200000|  0%| F|  |TS  3|AC  0|TAMS 0x0000000745100000, 0x0000000745100000|
|  82|0x0000000745200000, 0x0000000745200000, 0x0000000745300000|  0%| F|  |TS  3|AC  0|TAMS 0x0000000745200000, 0x0000000745200000|
|  83|0x0000000745300000, 0x0000000745300000, 0x0000000745400000|  0%| F|  |TS  3|AC  0|TAMS 0x0000000745300000, 0x0000000745300000|
|  84|0x0000000745400000, 0x0000000745400000, 0x0000000745500000|  0%| F|  |TS  3|AC  0|TAMS 0x0000000745400000, 0x0000000745400000|
|  85|0x0000000745500000, 0x0000000745500000, 0x0000000745600000|  0%| F|  |TS  3|AC  0|TAMS 0x0000000745500000, 0x0000000745500000|
|  86|0x0000000745600000, 0x0000000745600000, 0x0000000745700000|  0%| F|  |TS  3|AC  0|TAMS 0x0000000745600000, 0x0000000745600000|
|  87|0x0000000745700000, 0x0000000745700000, 0x0000000745800000|  0%| F|  |TS  3|AC  0|TAMS 0x0000000745700000, 0x0000000745700000|
|  88|0x0000000745800000, 0x0000000745800000, 0x0000000745900000|  0%| F|  |TS  3|AC  0|TAMS 0x0000000745800000, 0x0000000745800000|
|  89|0x0000000745900000, 0x0000000745900000, 0x0000000745a00000|  0%| F|  |TS  3|AC  0|TAMS 0x0000000745900000, 0x0000000745900000|
|  90|0x0000000745a00000, 0x0000000745a00000, 0x0000000745b00000|  0%| F|  |TS  3|AC  0|TAMS 0x0000000745a00000, 0x0000000745a00000|
|  91|0x0000000745b00000, 0x0000000745b00000, 0x0000000745c00000|  0%| F|  |TS  3|AC  0|TAMS 0x0000000745b00000, 0x0000000745b00000|
|  92|0x0000000745c00000, 0x0000000745c00000, 0x0000000745d00000|  0%| F|  |TS  3|AC  0|TAMS 0x0000000745c00000, 0x0000000745c00000|
|  93|0x0000000745d00000, 0x0000000745d00000, 0x0000000745e00000|  0%| F|  |TS  3|AC  0|TAMS 0x0000000745d00000, 0x0000000745d00000|
|  94|0x0000000745e00000, 0x0000000745e00000, 0x0000000745f00000|  0%| F|  |TS  3|AC  0|TAMS 0x0000000745e00000, 0x0000000745e00000|
|  95|0x0000000745f00000, 0x0000000745f00000, 0x0000000746000000|  0%| F|  |TS  3|AC  0|TAMS 0x0000000745f00000, 0x0000000745f00000|
|  96|0x0000000746000000, 0x0000000746000000, 0x0000000746100000|  0%| F|  |TS  3|AC  0|TAMS 0x0000000746000000, 0x0000000746000000|
|  97|0x0000000746100000, 0x0000000746100000, 0x0000000746200000|  0%| F|  |TS  3|AC  0|TAMS 0x0000000746100000, 0x0000000746100000|
|  98|0x0000000746200000, 0x0000000746200000, 0x0000000746300000|  0%| F|  |TS  3|AC  0|TAMS 0x0000000746200000, 0x0000000746200000|
|  99|0x0000000746300000, 0x0000000746300000, 0x0000000746400000|  0%| F|  |TS  3|AC  0|TAMS 0x0000000746300000, 0x0000000746300000|
| 100|0x0000000746400000, 0x0000000746400000, 0x0000000746500000|  0%| F|  |TS  3|AC  0|TAMS 0x0000000746400000, 0x0000000746400000|
| 101|0x0000000746500000, 0x0000000746500000, 0x0000000746600000|  0%| F|  |TS  3|AC  0|TAMS 0x0000000746500000, 0x0000000746500000|
| 102|0x0000000746600000, 0x0000000746600000, 0x0000000746700000|  0%| F|  |TS  3|AC  0|TAMS 0x0000000746600000, 0x0000000746600000|
| 103|0x0000000746700000, 0x0000000746700000, 0x0000000746800000|  0%| F|  |TS  3|AC  0|TAMS 0x0000000746700000, 0x0000000746700000|
| 104|0x0000000746800000, 0x0000000746800000, 0x0000000746900000|  0%| F|  |TS  3|AC  0|TAMS 0x0000000746800000, 0x0000000746800000|
| 105|0x0000000746900000, 0x0000000746900000, 0x0000000746a00000|  0%| F|  |TS  3|AC  0|TAMS 0x0000000746900000, 0x0000000746900000|
| 106|0x0000000746a00000, 0x0000000746a00000, 0x0000000746b00000|  0%| F|  |TS  3|AC  0|TAMS 0x0000000746a00000, 0x0000000746a00000|
| 107|0x0000000746b00000, 0x0000000746b00000, 0x0000000746c00000|  0%| F|  |TS  3|AC  0|TAMS 0x0000000746b00000, 0x0000000746b00000|
| 108|0x0000000746c00000, 0x0000000746c00000, 0x0000000746d00000|  0%| F|  |TS  3|AC  0|TAMS 0x0000000746c00000, 0x0000000746c00000|
| 109|0x0000000746d00000, 0x0000000746d00000, 0x0000000746e00000|  0%| F|  |TS  3|AC  0|TAMS 0x0000000746d00000, 0x0000000746d00000|
| 110|0x0000000746e00000, 0x0000000746e00000, 0x0000000746f00000|  0%| F|  |TS  3|AC  0|TAMS 0x0000000746e00000, 0x0000000746e00000|
| 111|0x0000000746f00000, 0x0000000746f00000, 0x0000000747000000|  0%| F|  |TS  3|AC  0|TAMS 0x0000000746f00000, 0x0000000746f00000|
| 112|0x0000000747000000, 0x0000000747000000, 0x0000000747100000|  0%| F|  |TS  3|AC  0|TAMS 0x0000000747000000, 0x0000000747000000|
| 113|0x0000000747100000, 0x0000000747100000, 0x0000000747200000|  0%| F|  |TS  3|AC  0|TAMS 0x0000000747100000, 0x0000000747100000|
| 114|0x0000000747200000, 0x0000000747200000, 0x0000000747300000|  0%| F|  |TS  3|AC  0|TAMS 0x0000000747200000, 0x0000000747200000|
| 115|0x0000000747300000, 0x0000000747300000, 0x0000000747400000|  0%| F|  |TS  3|AC  0|TAMS 0x0000000747300000, 0x0000000747300000|
| 116|0x0000000747400000, 0x0000000747400000, 0x0000000747500000|  0%| F|  |TS  3|AC  0|TAMS 0x0000000747400000, 0x0000000747400000|
| 117|0x0000000747500000, 0x0000000747500000, 0x0000000747600000|  0%| F|  |TS  3|AC  0|TAMS 0x0000000747500000, 0x0000000747500000|
| 118|0x0000000747600000, 0x0000000747600000, 0x0000000747700000|  0%| F|  |TS  3|AC  0|TAMS 0x0000000747600000, 0x0000000747600000|
| 119|0x0000000747700000, 0x0000000747700000, 0x0000000747800000|  0%| F|  |TS  3|AC  0|TAMS 0x0000000747700000, 0x0000000747700000|
| 120|0x0000000747800000, 0x0000000747800000, 0x0000000747900000|  0%| F|  |TS  3|AC  0|TAMS 0x0000000747800000, 0x0000000747800000|
| 121|0x0000000747900000, 0x0000000747980800, 0x0000000747a00000| 50%| E|  |TS  3|AC  0|TAMS 0x0000000747900000, 0x0000000747900000|
| 122|0x0000000747a00000, 0x0000000747b00000, 0x0000000747b00000|100%| E|CS|TS  3|AC  0|TAMS 0x0000000747a00000, 0x0000000747a00000|
| 123|0x0000000747b00000, 0x0000000747c00000, 0x0000000747c00000|100%| E|CS|TS  3|AC  0|TAMS 0x0000000747b00000, 0x0000000747b00000|
| 124|0x0000000747c00000, 0x0000000747d00000, 0x0000000747d00000|100%| E|CS|TS  3|AC  0|TAMS 0x0000000747c00000, 0x0000000747c00000|
| 125|0x0000000747d00000, 0x0000000747e00000, 0x0000000747e00000|100%| E|CS|TS  3|AC  0|TAMS 0x0000000747d00000, 0x0000000747d00000|
| 126|0x0000000747e00000, 0x0000000747f00000, 0x0000000747f00000|100%| E|CS|TS  3|AC  0|TAMS 0x0000000747e00000, 0x0000000747e00000|
| 127|0x0000000747f00000, 0x0000000748000000, 0x0000000748000000|100%| E|CS|TS  3|AC  0|TAMS 0x0000000747f00000, 0x0000000747f00000|
| 128|0x0000000748000000, 0x0000000748100000, 0x0000000748100000|100%| E|CS|TS  3|AC  0|TAMS 0x0000000748000000, 0x0000000748000000|
| 129|0x0000000748100000, 0x0000000748200000, 0x0000000748200000|100%| E|CS|TS  3|AC  0|TAMS 0x0000000748100000, 0x0000000748100000|
| 130|0x0000000748200000, 0x0000000748300000, 0x0000000748300000|100%| E|CS|TS  3|AC  0|TAMS 0x0000000748200000, 0x0000000748200000|
| 131|0x0000000748300000, 0x0000000748400000, 0x0000000748400000|100%| E|CS|TS  3|AC  0|TAMS 0x0000000748300000, 0x0000000748300000|
| 132|0x0000000748400000, 0x0000000748500000, 0x0000000748500000|100%| E|CS|TS  3|AC  0|TAMS 0x0000000748400000, 0x0000000748400000|
| 133|0x0000000748500000, 0x0000000748600000, 0x0000000748600000|100%| E|CS|TS  3|AC  0|TAMS 0x0000000748500000, 0x0000000748500000|
| 134|0x0000000748600000, 0x0000000748700000, 0x0000000748700000|100%| E|CS|TS  3|AC  0|TAMS 0x0000000748600000, 0x0000000748600000|
| 135|0x0000000748700000, 0x0000000748800000, 0x0000000748800000|100%| E|CS|TS  3|AC  0|TAMS 0x0000000748700000, 0x0000000748700000|
| 136|0x0000000748800000, 0x0000000748900000, 0x0000000748900000|100%| E|CS|TS  3|AC  0|TAMS 0x0000000748800000, 0x0000000748800000|
| 137|0x0000000748900000, 0x0000000748a00000, 0x0000000748a00000|100%| E|CS|TS  3|AC  0|TAMS 0x0000000748900000, 0x0000000748900000|
| 138|0x0000000748a00000, 0x0000000748b00000, 0x0000000748b00000|100%| E|CS|TS  3|AC  0|TAMS 0x0000000748a00000, 0x0000000748a00000|
| 139|0x0000000748b00000, 0x0000000748c00000, 0x0000000748c00000|100%| E|CS|TS  3|AC  0|TAMS 0x0000000748b00000, 0x0000000748b00000|
| 140|0x0000000748c00000, 0x0000000748d00000, 0x0000000748d00000|100%| E|CS|TS  3|AC  0|TAMS 0x0000000748c00000, 0x0000000748c00000|
| 141|0x0000000748d00000, 0x0000000748e00000, 0x0000000748e00000|100%| E|CS|TS  3|AC  0|TAMS 0x0000000748d00000, 0x0000000748d00000|
| 142|0x0000000748e00000, 0x0000000748f00000, 0x0000000748f00000|100%| E|CS|TS  3|AC  0|TAMS 0x0000000748e00000, 0x0000000748e00000|
| 143|0x0000000748f00000, 0x0000000749000000, 0x0000000749000000|100%| E|CS|TS  3|AC  0|TAMS 0x0000000748f00000, 0x0000000748f00000|
| 144|0x0000000749000000, 0x0000000749100000, 0x0000000749100000|100%| E|CS|TS  3|AC  0|TAMS 0x0000000749000000, 0x0000000749000000|
| 145|0x0000000749100000, 0x0000000749200000, 0x0000000749200000|100%| E|CS|TS  3|AC  0|TAMS 0x0000000749100000, 0x0000000749100000|
| 146|0x0000000749200000, 0x0000000749300000, 0x0000000749300000|100%| E|CS|TS  3|AC  0|TAMS 0x0000000749200000, 0x0000000749200000|
| 147|0x0000000749300000, 0x0000000749400000, 0x0000000749400000|100%| E|CS|TS  3|AC  0|TAMS 0x0000000749300000, 0x0000000749300000|
| 148|0x0000000749400000, 0x0000000749500000, 0x0000000749500000|100%| E|CS|TS  3|AC  0|TAMS 0x0000000749400000, 0x0000000749400000|
| 149|0x0000000749500000, 0x0000000749600000, 0x0000000749600000|100%| E|CS|TS  3|AC  0|TAMS 0x0000000749500000, 0x0000000749500000|
| 150|0x0000000749600000, 0x0000000749700000, 0x0000000749700000|100%| E|CS|TS  3|AC  0|TAMS 0x0000000749600000, 0x0000000749600000|
| 151|0x0000000749700000, 0x0000000749800000, 0x0000000749800000|100%| E|CS|TS  3|AC  0|TAMS 0x0000000749700000, 0x0000000749700000|
| 152|0x0000000749800000, 0x0000000749900000, 0x0000000749900000|100%| E|CS|TS  3|AC  0|TAMS 0x0000000749800000, 0x0000000749800000|
| 153|0x0000000749900000, 0x0000000749a00000, 0x0000000749a00000|100%| E|CS|TS  3|AC  0|TAMS 0x0000000749900000, 0x0000000749900000|

Card table byte_map: [0x0000000123907000,0x0000000123d07000] byte_map_base: 0x000000011ff07000

Marking Bits (Prev, Next): (CMBitMap*) 0x00007fe5d8028c70, (CMBitMap*) 0x00007fe5d8028ca8
 Prev Bits: [0x0000000124107000, 0x0000000126107000)
 Next Bits: [0x0000000126107000, 0x0000000128107000)

Polling page: 0x0000000108647000

CodeHeap 'non-profiled nmethods': size=120032Kb used=2037Kb max_used=2063Kb free=117994Kb
 bounds [0x000000011c3cf000, 0x000000011c63f000, 0x0000000123907000]
CodeHeap 'profiled nmethods': size=120032Kb used=9003Kb max_used=10390Kb free=111028Kb
 bounds [0x0000000114e97000, 0x00000001158c7000, 0x000000011c3cf000]
CodeHeap 'non-nmethods': size=5696Kb used=1295Kb max_used=1350Kb free=4400Kb
 bounds [0x0000000114907000, 0x0000000114b77000, 0x0000000114e97000]
 total_blobs=5558 nmethods=3653 adapters=431
 compilation: enabled

Compilation events (10 events):
Event: 615.073 Thread 0x00007fe5d7824000 4161       3       java.lang.StringBuilder::append (6 bytes)
Event: 615.074 Thread 0x00007fe5d7824000 nmethod 4161 0x0000000114f0cd90 code [0x0000000114f0cf40, 0x0000000114f0d1c8]
Event: 615.074 Thread 0x00007fe5d7824000 4162       3       java.util.regex.Matcher::getTextLength (10 bytes)
Event: 615.075 Thread 0x00007fe5d7824000 nmethod 4162 0x0000000114f0ed10 code [0x0000000114f0eec0, 0x0000000114f0f0e8]
Event: 615.075 Thread 0x00007fe5d7824000 4163       3       sun.util.locale.provider.LocaleProviderAdapter::getAdapter (177 bytes)
Event: 615.079 Thread 0x00007fe5d7824000 nmethod 4163 0x0000000114f2d310 code [0x0000000114f2d660, 0x0000000114f2ee08]
Event: 615.079 Thread 0x00007fe5d7824000 4164       3       java.util.Locale::equals (75 bytes)
Event: 615.080 Thread 0x00007fe5d7824000 nmethod 4164 0x0000000114f20b10 code [0x0000000114f20d20, 0x0000000114f214d8]
Event: 615.080 Thread 0x00007fe5d7824000 4165       3       java.lang.StringUTF16::length (5 bytes)
Event: 615.080 Thread 0x00007fe5d7824000 nmethod 4165 0x0000000114f0e990 code [0x0000000114f0eb40, 0x0000000114f0ec70]

GC Heap History (10 events):
Event: 4.041 GC heap before
{Heap before GC invocations=5 (full 0):
 garbage-first heap   total 131072K, used 84164K [0x0000000740000000, 0x0000000740100400, 0x00000007c0000000)
  region size 1024K, 76 young (77824K), 7 survivors (7168K)
 Metaspace       used 28486K, capacity 29554K, committed 29696K, reserved 1075200K
  class space    used 3361K, capacity 3579K, committed 3584K, reserved 1048576K
}
Event: 4.057 GC heap after
{Heap after GC invocations=6 (full 0):
 garbage-first heap   total 131072K, used 18637K [0x0000000740000000, 0x0000000740100400, 0x00000007c0000000)
  region size 1024K, 9 young (9216K), 9 survivors (9216K)
 Metaspace       used 28486K, capacity 29554K, committed 29696K, reserved 1075200K
  class space    used 3361K, capacity 3579K, committed 3584K, reserved 1048576K
}
Event: 4.816 GC heap before
{Heap before GC invocations=6 (full 0):
 garbage-first heap   total 131072K, used 87245K [0x0000000740000000, 0x0000000740100400, 0x00000007c0000000)
  region size 1024K, 76 young (77824K), 9 survivors (9216K)
 Metaspace       used 34137K, capacity 35674K, committed 35840K, reserved 1081344K
  class space    used 4140K, capacity 4423K, committed 4480K, reserved 1048576K
}
Event: 4.827 GC heap after
{Heap after GC invocations=7 (full 0):
 garbage-first heap   total 157696K, used 19333K [0x0000000740000000, 0x00000007401004d0, 0x00000007c0000000)
  region size 1024K, 8 young (8192K), 8 survivors (8192K)
 Metaspace       used 34137K, capacity 35674K, committed 35840K, reserved 1081344K
  class space    used 4140K, capacity 4423K, committed 4480K, reserved 1048576K
}
Event: 4.886 GC heap before
{Heap before GC invocations=7 (full 0):
 garbage-first heap   total 157696K, used 20357K [0x0000000740000000, 0x00000007401004d0, 0x00000007c0000000)
  region size 1024K, 10 young (10240K), 8 survivors (8192K)
 Metaspace       used 34294K, capacity 35770K, committed 35840K, reserved 1081344K
  class space    used 4175K, capacity 4455K, committed 4480K, reserved 1048576K
}
Event: 4.895 GC heap after
{Heap after GC invocations=8 (full 0):
 garbage-first heap   total 157696K, used 16005K [0x0000000740000000, 0x00000007401004d0, 0x00000007c0000000)
  region size 1024K, 2 young (2048K), 2 survivors (2048K)
 Metaspace       used 34294K, capacity 35770K, committed 35840K, reserved 1081344K
  class space    used 4175K, capacity 4455K, committed 4480K, reserved 1048576K
}
Event: 6.007 GC heap before
{Heap before GC invocations=9 (full 0):
 garbage-first heap   total 157696K, used 108165K [0x0000000740000000, 0x00000007401004d0, 0x00000007c0000000)
  region size 1024K, 92 young (94208K), 2 survivors (2048K)
 Metaspace       used 39207K, capacity 40986K, committed 41292K, reserved 1085440K
  class space    used 4999K, capacity 5331K, committed 5452K, reserved 1048576K
}
Event: 6.018 GC heap after
{Heap after GC invocations=10 (full 0):
 garbage-first heap   total 157696K, used 21993K [0x0000000740000000, 0x00000007401004d0, 0x00000007c0000000)
  region size 1024K, 8 young (8192K), 8 survivors (8192K)
 Metaspace       used 39207K, capacity 40986K, committed 41292K, reserved 1085440K
  class space    used 4999K, capacity 5331K, committed 5452K, reserved 1048576K
}
Event: 73.305 GC heap before
{Heap before GC invocations=10 (full 0):
 garbage-first heap   total 157696K, used 108009K [0x0000000740000000, 0x00000007401004d0, 0x00000007c0000000)
  region size 1024K, 92 young (94208K), 8 survivors (8192K)
 Metaspace       used 43239K, capacity 45426K, committed 45644K, reserved 1089536K
  class space    used 5529K, capacity 5895K, committed 5964K, reserved 1048576K
}
Event: 73.314 GC heap after
{Heap after GC invocations=11 (full 0):
 garbage-first heap   total 157696K, used 22266K [0x0000000740000000, 0x00000007401004d0, 0x00000007c0000000)
  region size 1024K, 5 young (5120K), 5 survivors (5120K)
 Metaspace       used 43239K, capacity 45426K, committed 45644K, reserved 1089536K
  class space    used 5529K, capacity 5895K, committed 5964K, reserved 1048576K
}

Deoptimization events (10 events):
Event: 6.294 Thread 0x00007fe5d7801800 Uncommon trap: reason=unstable_if action=reinterpret pc=0x000000011c4b4534 method=java.io.File.getName()Ljava/lang/String; @ 16 c2
Event: 73.170 Thread 0x00007fe5d7801800 Uncommon trap: reason=class_check action=maybe_recompile pc=0x000000011c48425c method=java.nio.charset.Charset.lookup(Ljava/lang/String;)Ljava/nio/charset/Charset; @ 35 c2
Event: 73.171 Thread 0x00007fe5d7801800 Uncommon trap: reason=class_check action=maybe_recompile pc=0x000000011c48425c method=java.nio.charset.Charset.lookup(Ljava/lang/String;)Ljava/nio/charset/Charset; @ 35 c2
Event: 73.171 Thread 0x00007fe5d7801800 Uncommon trap: reason=class_check action=maybe_recompile pc=0x000000011c48425c method=java.nio.charset.Charset.lookup(Ljava/lang/String;)Ljava/nio/charset/Charset; @ 35 c2
Event: 73.172 Thread 0x00007fe5d7801800 Uncommon trap: reason=class_check action=maybe_recompile pc=0x000000011c48425c method=java.nio.charset.Charset.lookup(Ljava/lang/String;)Ljava/nio/charset/Charset; @ 35 c2
Event: 73.189 Thread 0x00007fe5d7801800 Uncommon trap: reason=unstable_if action=reinterpret pc=0x000000011c4acf4c method=java.util.Objects.equals(Ljava/lang/Object;Ljava/lang/Object;)Z @ 6 c2
Event: 73.274 Thread 0x00007fe5d7801800 Uncommon trap: reason=class_check action=maybe_recompile pc=0x000000011c509f30 method=java.util.concurrent.ConcurrentHashMap.putVal(Ljava/lang/Object;Ljava/lang/Object;Z)Ljava/lang/Object; @ 242 c2
Event: 73.282 Thread 0x00007fe5d7801800 Uncommon trap: reason=class_check action=maybe_recompile pc=0x000000011c509f30 method=java.util.concurrent.ConcurrentHashMap.putVal(Ljava/lang/Object;Ljava/lang/Object;Z)Ljava/lang/Object; @ 242 c2
Event: 73.282 Thread 0x00007fe5d7801800 Uncommon trap: reason=unstable_if action=reinterpret pc=0x000000011c43c9b0 method=java.util.concurrent.ConcurrentHashMap.get(Ljava/lang/Object;)Ljava/lang/Object; @ 152 c2
Event: 73.302 Thread 0x00007fe5d7801800 Uncommon trap: reason=unstable_if action=reinterpret pc=0x000000011c53bffc method=java.util.zip.InflaterInputStream.read([BII)I @ 41 c2

Classes redefined (2 events):
Event: 655.368 Thread 0x00007fe5d8099800 redefined class name=com.restwebservice.synethesis.controllers.UserControllerTest, count=1
Event: 690.783 Thread 0x00007fe5d8099800 redefined class name=com.restwebservice.synethesis.controllers.UserControllerTest, count=2

Internal exceptions (10 events):
Event: 73.370 Thread 0x00007fe5d7801800 Exception <a 'java/lang/ClassNotFoundException'{0x0000000747c040a0}: org/hibernate/validator/internal/constraintvalidators/bv/size/SizeValidatorForCharSequenceCustomizer> (0x0000000747c040a0) thrown at [/scratch/mesos/slaves/5af44a71-976a-41b7-81de-5773b8
Event: 73.371 Thread 0x00007fe5d7801800 Exception <a 'java/lang/ClassNotFoundException'{0x0000000747c1fd90}: javax/validation/ConstraintValidatorCustomizer> (0x0000000747c1fd90) thrown at [/scratch/mesos/slaves/5af44a71-976a-41b7-81de-5773b84ec572-S38393/frameworks/1735e8a2-a1db-478c-8104-60c8b
Event: 73.372 Thread 0x00007fe5d7801800 Exception <a 'java/lang/ClassNotFoundException'{0x0000000747c24ef0}: java/lang/ObjectCustomizer> (0x0000000747c24ef0) thrown at [/scratch/mesos/slaves/5af44a71-976a-41b7-81de-5773b84ec572-S38393/frameworks/1735e8a2-a1db-478c-8104-60c8b0af87dd-0196/executo
Event: 73.372 Thread 0x00007fe5d7801800 Exception <a 'java/lang/ClassNotFoundException'{0x0000000747c4ccc8}: org/hibernate/validator/internal/constraintvalidators/bv/NotNullValidatorCustomizer> (0x0000000747c4ccc8) thrown at [/scratch/mesos/slaves/5af44a71-976a-41b7-81de-5773b84ec572-S38393/fra
Event: 73.373 Thread 0x00007fe5d7801800 Exception <a 'java/lang/ClassNotFoundException'{0x0000000747c675e8}: javax/validation/ConstraintValidatorCustomizer> (0x0000000747c675e8) thrown at [/scratch/mesos/slaves/5af44a71-976a-41b7-81de-5773b84ec572-S38393/frameworks/1735e8a2-a1db-478c-8104-60c8b
Event: 73.379 Thread 0x00007fe5d7801800 Exception <a 'java/lang/NullPointerException'{0x0000000747cbf178}> (0x0000000747cbf178) thrown at [/scratch/mesos/slaves/5af44a71-976a-41b7-81de-5773b84ec572-S38393/frameworks/1735e8a2-a1db-478c-8104-60c8b0af87dd-0196/executors/8b855640-c399-41ea-b65f-522
Event: 73.379 Thread 0x00007fe5d7801800 Exception <a 'java/lang/reflect/InvocationTargetException'{0x0000000747cbf570}> (0x0000000747cbf570) thrown at [/scratch/mesos/slaves/5af44a71-976a-41b7-81de-5773b84ec572-S38393/frameworks/1735e8a2-a1db-478c-8104-60c8b0af87dd-0196/executors/8b855640-c399-
Event: 73.390 Thread 0x00007fe5d7801800 Exception <a 'java/lang/NoSuchMethodError'{0x0000000747b7b628}: java.lang.Object.lambda$thenComparing$36697e65$1(Ljava/util/Comparator;Ljava/lang/Object;Ljava/lang/Object;)I> (0x0000000747b7b628) thrown at [/scratch/mesos/slaves/5af44a71-976a-41b7-81de-57
Event: 615.065 Thread 0x00007fe5d7801800 Exception <a 'java/lang/NullPointerException'{0x0000000747919b58}> (0x0000000747919b58) thrown at [/scratch/mesos/slaves/5af44a71-976a-41b7-81de-5773b84ec572-S38393/frameworks/1735e8a2-a1db-478c-8104-60c8b0af87dd-0196/executors/8b855640-c399-41ea-b65f-522
Event: 615.065 Thread 0x00007fe5d7801800 Exception <a 'java/lang/reflect/InvocationTargetException'{0x0000000747919f50}> (0x0000000747919f50) thrown at [/scratch/mesos/slaves/5af44a71-976a-41b7-81de-5773b84ec572-S38393/frameworks/1735e8a2-a1db-478c-8104-60c8b0af87dd-0196/executors/8b855640-c399-

Events (10 events):
Event: 690.893 Executing VM operation: GetOrSetLocal done
Event: 690.907 Executing VM operation: GetFrameCount
Event: 690.907 Executing VM operation: GetFrameCount done
Event: 690.918 Executing VM operation: GetFrameLocation
Event: 690.919 Executing VM operation: GetFrameLocation done
Event: 690.939 Executing VM operation: GetFrameLocation
Event: 690.939 Executing VM operation: GetFrameLocation done
Event: 690.944 Executing VM operation: GetOrSetLocal
Event: 690.944 Executing VM operation: GetOrSetLocal done
Event: 690.972 Executing VM operation: GetOrSetLocal


Dynamic libraries:
0x00007fff461de000 	/System/Library/Frameworks/Cocoa.framework/Versions/A/Cocoa
0x00007fff5245e000 	/System/Library/Frameworks/Security.framework/Versions/A/Security
0x00007fff44de8000 	/System/Library/Frameworks/ApplicationServices.framework/Versions/A/ApplicationServices
0x00007fff738d4000 	/usr/lib/libz.1.dylib
0x00007fff70f4a000 	/usr/lib/libSystem.B.dylib
0x00007fff46a00000 	/System/Library/Frameworks/CoreFoundation.framework/Versions/A/CoreFoundation
0x00007fff48d7f000 	/System/Library/Frameworks/Foundation.framework/Versions/C/Foundation
0x00007fff729f1000 	/usr/lib/libobjc.A.dylib
0x00007fff43f77000 	/System/Library/Frameworks/AppKit.framework/Versions/C/AppKit
0x00007fff46575000 	/System/Library/Frameworks/CoreData.framework/Versions/A/CoreData
0x00007fff6a13c000 	/System/Library/PrivateFrameworks/RemoteViewServices.framework/Versions/A/RemoteViewServices
0x00007fff6ec25000 	/System/Library/PrivateFrameworks/UIFoundation.framework/Versions/A/UIFoundation
0x00007fff703d1000 	/System/Library/PrivateFrameworks/XCTTargetBootstrap.framework/Versions/A/XCTTargetBootstrap
0x00007fff64c96000 	/System/Library/PrivateFrameworks/IconServices.framework/Versions/A/IconServices
0x00007fff4b624000 	/System/Library/Frameworks/Metal.framework/Versions/A/Metal
0x00007fff5bf28000 	/System/Library/PrivateFrameworks/DesktopServicesPriv.framework/Versions/A/DesktopServicesPriv
0x00007fff71d05000 	/usr/lib/libenergytrace.dylib
0x00007fff6c99e000 	/System/Library/PrivateFrameworks/SkyLight.framework/Versions/A/SkyLight
0x00007fff46e51000 	/System/Library/Frameworks/CoreGraphics.framework/Versions/A/CoreGraphics
0x00007fff42d32000 	/System/Library/Frameworks/Accelerate.framework/Versions/A/Accelerate
0x00007fff49505000 	/System/Library/Frameworks/IOSurface.framework/Versions/A/IOSurface
0x00007fff5bd8a000 	/System/Library/PrivateFrameworks/DFRFoundation.framework/Versions/A/DFRFoundation
0x00007fff452ed000 	/System/Library/Frameworks/AudioToolbox.framework/Versions/A/AudioToolbox
0x00007fff4558b000 	/System/Library/Frameworks/AudioUnit.framework/Versions/A/AudioUnit
0x00007fff5be21000 	/System/Library/PrivateFrameworks/DataDetectorsCore.framework/Versions/A/DataDetectorsCore
0x00007fff45cca000 	/System/Library/Frameworks/Carbon.framework/Versions/A/Frameworks/HIToolbox.framework/Versions/A/HIToolbox
0x00007fff71e60000 	/usr/lib/libicucore.A.dylib
0x00007fff519ba000 	/System/Library/Frameworks/QuartzCore.framework/Versions/A/QuartzCore
0x00007fff460b1000 	/System/Library/Frameworks/Carbon.framework/Versions/A/Frameworks/SpeechRecognition.framework/Versions/A/SpeechRecognition
0x00007fff710ad000 	/usr/lib/libauto.dylib
0x00007fff737c7000 	/usr/lib/libxml2.2.dylib
0x00007fff5b98f000 	/System/Library/PrivateFrameworks/CoreUI.framework/Versions/A/CoreUI
0x00007fff46453000 	/System/Library/Frameworks/CoreAudio.framework/Versions/A/CoreAudio
0x00007fff48bb1000 	/System/Library/Frameworks/DiskArbitration.framework/Versions/A/DiskArbitration
0x00007fff72110000 	/usr/lib/liblangid.dylib
0x00007fff66141000 	/System/Library/PrivateFrameworks/MultitouchSupport.framework/Versions/A/MultitouchSupport
0x00007fff49472000 	/System/Library/Frameworks/IOKit.framework/Versions/A/IOKit
0x00007fff70b98000 	/usr/lib/libDiagnosticMessagesClient.dylib
0x00007fff47cbc000 	/System/Library/Frameworks/CoreServices.framework/Versions/A/CoreServices
0x00007fff67e6b000 	/System/Library/PrivateFrameworks/PerformanceAnalysis.framework/Versions/A/PerformanceAnalysis
0x00007fff50b4f000 	/System/Library/Frameworks/OpenGL.framework/Versions/A/OpenGL
0x00007fff461ec000 	/System/Library/Frameworks/ColorSync.framework/Versions/A/ColorSync
0x00007fff474e0000 	/System/Library/Frameworks/CoreImage.framework/Versions/A/CoreImage
0x00007fff486fa000 	/System/Library/Frameworks/CoreText.framework/Versions/A/CoreText
0x00007fff49566000 	/System/Library/Frameworks/ImageIO.framework/Versions/A/ImageIO
0x00007fff58005000 	/System/Library/PrivateFrameworks/Backup.framework/Versions/A/Backup
0x00007fff71000000 	/usr/lib/libarchive.2.dylib
0x00007fff458ef000 	/System/Library/Frameworks/CFNetwork.framework/Versions/A/CFNetwork
0x00007fff52c07000 	/System/Library/Frameworks/SystemConfiguration.framework/Versions/A/SystemConfiguration
0x00007fff70ac1000 	/usr/lib/libCRFSuite.dylib
0x00007fff711a5000 	/usr/lib/libc++.1.dylib
0x00007fff711fd000 	/usr/lib/libc++abi.dylib
0x00007fff73957000 	/usr/lib/system/libcache.dylib
0x00007fff7395c000 	/usr/lib/system/libcommonCrypto.dylib
0x00007fff73967000 	/usr/lib/system/libcompiler_rt.dylib
0x00007fff7396f000 	/usr/lib/system/libcopyfile.dylib
0x00007fff73979000 	/usr/lib/system/libcorecrypto.dylib
0x00007fff73a83000 	/usr/lib/system/libdispatch.dylib
0x00007fff73abe000 	/usr/lib/system/libdyld.dylib
0x00007fff73aee000 	/usr/lib/system/libkeymgr.dylib
0x00007fff73afc000 	/usr/lib/system/liblaunch.dylib
0x00007fff73afd000 	/usr/lib/system/libmacho.dylib
0x00007fff73b03000 	/usr/lib/system/libquarantine.dylib
0x00007fff73b06000 	/usr/lib/system/libremovefile.dylib
0x00007fff73b08000 	/usr/lib/system/libsystem_asl.dylib
0x00007fff73b20000 	/usr/lib/system/libsystem_blocks.dylib
0x00007fff73b21000 	/usr/lib/system/libsystem_c.dylib
0x00007fff73baa000 	/usr/lib/system/libsystem_configuration.dylib
0x00007fff73bae000 	/usr/lib/system/libsystem_coreservices.dylib
0x00007fff73bb2000 	/usr/lib/system/libsystem_darwin.dylib
0x00007fff73bb9000 	/usr/lib/system/libsystem_dnssd.dylib
0x00007fff73bc0000 	/usr/lib/system/libsystem_info.dylib
0x00007fff73c35000 	/usr/lib/system/libsystem_m.dylib
0x00007fff73c81000 	/usr/lib/system/libsystem_malloc.dylib
0x00007fff73ca6000 	/usr/lib/system/libsystem_networkextension.dylib
0x00007fff73cb2000 	/usr/lib/system/libsystem_notify.dylib
0x00007fff73ccf000 	/usr/lib/system/libsystem_sandbox.dylib
0x00007fff73cd3000 	/usr/lib/system/libsystem_secinit.dylib
0x00007fff73c0d000 	/usr/lib/system/libsystem_kernel.dylib
0x00007fff73cba000 	/usr/lib/system/libsystem_platform.dylib
0x00007fff73cc4000 	/usr/lib/system/libsystem_pthread.dylib
0x00007fff73cd6000 	/usr/lib/system/libsystem_symptoms.dylib
0x00007fff73cde000 	/usr/lib/system/libsystem_trace.dylib
0x00007fff73cf5000 	/usr/lib/system/libunwind.dylib
0x00007fff73cfb000 	/usr/lib/system/libxpc.dylib
0x00007fff71185000 	/usr/lib/libbsm.0.dylib
0x00007fff73aef000 	/usr/lib/system/libkxld.dylib
0x00007fff572c1000 	/System/Library/PrivateFrameworks/AppleFSCompression.framework/Versions/A/AppleFSCompression
0x00007fff70e09000 	/usr/lib/libOpenScriptingUtil.dylib
0x00007fff714e8000 	/usr/lib/libcoretls.dylib
0x00007fff714ff000 	/usr/lib/libcoretls_cfhelpers.dylib
0x00007fff7318a000 	/usr/lib/libpam.2.dylib
0x00007fff7334d000 	/usr/lib/libsqlite3.dylib
0x00007fff737b5000 	/usr/lib/libxar.1.dylib
0x00007fff71196000 	/usr/lib/libbz2.1.0.dylib
0x00007fff72112000 	/usr/lib/liblzma.5.dylib
0x00007fff72608000 	/usr/lib/libnetwork.dylib
0x00007fff70fe9000 	/usr/lib/libapple_nghttp2.dylib
0x00007fff73191000 	/usr/lib/libpcap.A.dylib
0x00007fff48060000 	/System/Library/Frameworks/CoreServices.framework/Versions/A/Frameworks/FSEvents.framework/Versions/A/FSEvents
0x00007fff47d3c000 	/System/Library/Frameworks/CoreServices.framework/Versions/A/Frameworks/CarbonCore.framework/Versions/A/CarbonCore
0x00007fff48235000 	/System/Library/Frameworks/CoreServices.framework/Versions/A/Frameworks/Metadata.framework/Versions/A/Metadata
0x00007fff482d8000 	/System/Library/Frameworks/CoreServices.framework/Versions/A/Frameworks/OSServices.framework/Versions/A/OSServices
0x00007fff48324000 	/System/Library/Frameworks/CoreServices.framework/Versions/A/Frameworks/SearchKit.framework/Versions/A/SearchKit
0x00007fff47cbd000 	/System/Library/Frameworks/CoreServices.framework/Versions/A/Frameworks/AE.framework/Versions/A/AE
0x00007fff48069000 	/System/Library/Frameworks/CoreServices.framework/Versions/A/Frameworks/LaunchServices.framework/Versions/A/LaunchServices
0x00007fff48015000 	/System/Library/Frameworks/CoreServices.framework/Versions/A/Frameworks/DictionaryServices.framework/Versions/A/DictionaryServices
0x00007fff48393000 	/System/Library/Frameworks/CoreServices.framework/Versions/A/Frameworks/SharedFileList.framework/Versions/A/SharedFileList
0x00007fff4cadf000 	/System/Library/Frameworks/NetFS.framework/Versions/A/NetFS
0x00007fff663dd000 	/System/Library/PrivateFrameworks/NetAuth.framework/Versions/A/NetAuth
0x00007fff70805000 	/System/Library/PrivateFrameworks/login.framework/Versions/A/Frameworks/loginsupport.framework/Versions/A/loginsupport
0x00007fff6e821000 	/System/Library/PrivateFrameworks/TCC.framework/Versions/A/TCC
0x00007fff5afb7000 	/System/Library/PrivateFrameworks/CoreNLP.framework/Versions/A/CoreNLP
0x00007fff65e32000 	/System/Library/PrivateFrameworks/MetadataUtilities.framework/Versions/A/MetadataUtilities
0x00007fff721f3000 	/usr/lib/libmecabra.dylib
0x00007fff44de9000 	/System/Library/Frameworks/ApplicationServices.framework/Versions/A/Frameworks/ATS.framework/Versions/A/ATS
0x00007fff45154000 	/System/Library/Frameworks/ApplicationServices.framework/Versions/A/Frameworks/ColorSyncLegacy.framework/Versions/A/ColorSyncLegacy
0x00007fff451f5000 	/System/Library/Frameworks/ApplicationServices.framework/Versions/A/Frameworks/HIServices.framework/Versions/A/HIServices
0x00007fff45248000 	/System/Library/Frameworks/ApplicationServices.framework/Versions/A/Frameworks/LangAnalysis.framework/Versions/A/LangAnalysis
0x00007fff45257000 	/System/Library/Frameworks/ApplicationServices.framework/Versions/A/Frameworks/PrintCore.framework/Versions/A/PrintCore
0x00007fff452a4000 	/System/Library/Frameworks/ApplicationServices.framework/Versions/A/Frameworks/QD.framework/Versions/A/QD
0x00007fff452e0000 	/System/Library/Frameworks/ApplicationServices.framework/Versions/A/Frameworks/SpeechSynthesis.framework/Versions/A/SpeechSynthesis
0x00007fff71225000 	/usr/lib/libcompression.dylib
0x00007fff46916000 	/System/Library/Frameworks/CoreDisplay.framework/Versions/A/CoreDisplay
0x00007fff4b8e0000 	/System/Library/Frameworks/MetalPerformanceShaders.framework/Versions/A/MetalPerformanceShaders
0x00007fff42d4a000 	/System/Library/Frameworks/Accelerate.framework/Versions/A/Frameworks/vImage.framework/Versions/A/vImage
0x00007fff43dc6000 	/System/Library/Frameworks/Accelerate.framework/Versions/A/Frameworks/vecLib.framework/Versions/A/vecLib
0x00007fff43d10000 	/System/Library/Frameworks/Accelerate.framework/Versions/A/Frameworks/vecLib.framework/Versions/A/libvMisc.dylib
0x00007fff43b2b000 	/System/Library/Frameworks/Accelerate.framework/Versions/A/Frameworks/vecLib.framework/Versions/A/libvDSP.dylib
0x00007fff433eb000 	/System/Library/Frameworks/Accelerate.framework/Versions/A/Frameworks/vecLib.framework/Versions/A/libBLAS.dylib
0x00007fff436d6000 	/System/Library/Frameworks/Accelerate.framework/Versions/A/Frameworks/vecLib.framework/Versions/A/libLAPACK.dylib
0x00007fff43a7d000 	/System/Library/Frameworks/Accelerate.framework/Versions/A/Frameworks/vecLib.framework/Versions/A/libLinearAlgebra.dylib
0x00007fff43b17000 	/System/Library/Frameworks/Accelerate.framework/Versions/A/Frameworks/vecLib.framework/Versions/A/libSparseBLAS.dylib
0x00007fff43a93000 	/System/Library/Frameworks/Accelerate.framework/Versions/A/Frameworks/vecLib.framework/Versions/A/libQuadrature.dylib
0x00007fff43663000 	/System/Library/Frameworks/Accelerate.framework/Versions/A/Frameworks/vecLib.framework/Versions/A/libBNNS.dylib
0x00007fff43a99000 	/System/Library/Frameworks/Accelerate.framework/Versions/A/Frameworks/vecLib.framework/Versions/A/libSparse.dylib
0x00007fff624b5000 	/System/Library/PrivateFrameworks/GPUWrangler.framework/Versions/A/GPUWrangler
0x00007fff6485f000 	/System/Library/PrivateFrameworks/IOAccelerator.framework/Versions/A/IOAccelerator
0x00007fff6486a000 	/System/Library/PrivateFrameworks/IOPresentment.framework/Versions/A/IOPresentment
0x00007fff5bd9a000 	/System/Library/PrivateFrameworks/DSExternalDisplay.framework/Versions/A/DSExternalDisplay
0x00007fff4ff94000 	/System/Library/Frameworks/OpenGL.framework/Versions/A/Libraries/libCoreFSCache.dylib
0x00007fff4b6d4000 	/System/Library/Frameworks/MetalPerformanceShaders.framework/Frameworks/MPSCore.framework/Versions/A/MPSCore
0x00007fff4b6f5000 	/System/Library/Frameworks/MetalPerformanceShaders.framework/Frameworks/MPSImage.framework/Versions/A/MPSImage
0x00007fff4b79c000 	/System/Library/Frameworks/MetalPerformanceShaders.framework/Frameworks/MPSNeuralNetwork.framework/Versions/A/MPSNeuralNetwork
0x00007fff4b773000 	/System/Library/Frameworks/MetalPerformanceShaders.framework/Frameworks/MPSMatrix.framework/Versions/A/MPSMatrix
0x00007fff4b8c4000 	/System/Library/Frameworks/MetalPerformanceShaders.framework/Frameworks/MPSRayIntersector.framework/Versions/A/MPSRayIntersector
0x00007fff65e5b000 	/System/Library/PrivateFrameworks/MetalTools.framework/Versions/A/MetalTools
0x00007fff569bd000 	/System/Library/PrivateFrameworks/AggregateDictionary.framework/Versions/A/AggregateDictionary
0x00007fff70de9000 	/usr/lib/libMobileGestalt.dylib
0x00007fff48860000 	/System/Library/Frameworks/CoreVideo.framework/Versions/A/CoreVideo
0x00007fff63319000 	/System/Library/PrivateFrameworks/GraphVisualizer.framework/Versions/A/GraphVisualizer
0x00007fff5d0c5000 	/System/Library/PrivateFrameworks/FaceCore.framework/Versions/A/FaceCore
0x00007fff4f5ab000 	/System/Library/Frameworks/OpenCL.framework/Versions/A/OpenCL
0x00007fff70bd0000 	/usr/lib/libFosl_dynamic.dylib
0x00007fff66cb2000 	/System/Library/PrivateFrameworks/OTSVG.framework/Versions/A/OTSVG
0x00007fff44eed000 	/System/Library/Frameworks/ApplicationServices.framework/Versions/A/Frameworks/ATS.framework/Versions/A/Resources/libFontParser.dylib
0x00007fff4500d000 	/System/Library/Frameworks/ApplicationServices.framework/Versions/A/Frameworks/ATS.framework/Versions/A/Resources/libFontRegistry.dylib
0x00007fff497e6000 	/System/Library/Frameworks/ImageIO.framework/Versions/A/Resources/libJPEG.dylib
0x00007fff49b08000 	/System/Library/Frameworks/ImageIO.framework/Versions/A/Resources/libTIFF.dylib
0x00007fff49ade000 	/System/Library/Frameworks/ImageIO.framework/Versions/A/Resources/libPng.dylib
0x00007fff496fb000 	/System/Library/Frameworks/ImageIO.framework/Versions/A/Resources/libGIF.dylib
0x00007fff49700000 	/System/Library/Frameworks/ImageIO.framework/Versions/A/Resources/libJP2.dylib
0x00007fff49b05000 	/System/Library/Frameworks/ImageIO.framework/Versions/A/Resources/libRadiance.dylib
0x00007fff5741a000 	/System/Library/PrivateFrameworks/AppleJPEG.framework/Versions/A/AppleJPEG
0x00007fff4ff9f000 	/System/Library/Frameworks/OpenGL.framework/Versions/A/Libraries/libGFXShared.dylib
0x00007fff50162000 	/System/Library/Frameworks/OpenGL.framework/Versions/A/Libraries/libGLU.dylib
0x00007fff4ffa8000 	/System/Library/Frameworks/OpenGL.framework/Versions/A/Libraries/libGL.dylib
0x00007fff4ffb4000 	/System/Library/Frameworks/OpenGL.framework/Versions/A/Libraries/libGLImage.dylib
0x00007fff4ff91000 	/System/Library/Frameworks/OpenGL.framework/Versions/A/Libraries/libCVMSPluginSupport.dylib
0x00007fff4ff9a000 	/System/Library/Frameworks/OpenGL.framework/Versions/A/Libraries/libCoreVMClient.dylib
0x00007fff71b77000 	/usr/lib/libcups.2.dylib
0x00007fff4abec000 	/System/Library/Frameworks/Kerberos.framework/Versions/A/Kerberos
0x00007fff491be000 	/System/Library/Frameworks/GSS.framework/Versions/A/GSS
0x00007fff732e1000 	/usr/lib/libresolv.9.dylib
0x00007fff71d6e000 	/usr/lib/libiconv.2.dylib
0x00007fff6340f000 	/System/Library/PrivateFrameworks/Heimdal.framework/Versions/A/Heimdal
0x00007fff71d3d000 	/usr/lib/libheimdal-asn1.dylib
0x00007fff4f622000 	/System/Library/Frameworks/OpenDirectory.framework/Versions/A/OpenDirectory
0x00007fff59cc8000 	/System/Library/PrivateFrameworks/CommonAuth.framework/Versions/A/CommonAuth
0x00007fff4f605000 	/System/Library/Frameworks/OpenDirectory.framework/Versions/A/Frameworks/CFOpenDirectory.framework/Versions/A/CFOpenDirectory
0x00007fff52785000 	/System/Library/Frameworks/SecurityFoundation.framework/Versions/A/SecurityFoundation
0x00007fff55edc000 	/System/Library/PrivateFrameworks/APFS.framework/Versions/A/APFS
0x00007fff737b1000 	/usr/lib/libutil.dylib
0x00007fff71213000 	/usr/lib/libcharset.1.dylib
0x00007fff576b3000 	/System/Library/PrivateFrameworks/AppleSauce.framework/Versions/A/AppleSauce
0x00007fff57841000 	/System/Library/PrivateFrameworks/AssertionServices.framework/Versions/A/AssertionServices
0x00007fff580a8000 	/System/Library/PrivateFrameworks/BaseBoard.framework/Versions/A/BaseBoard
0x00007fff72142000 	/usr/lib/libmecab.1.0.0.dylib
0x00007fff71d37000 	/usr/lib/libgermantok.dylib
0x00007fff70fd5000 	/usr/lib/libThaiTokenizer.dylib
0x00007fff70afc000 	/usr/lib/libChineseTokenizer.dylib
0x00007fff64f92000 	/System/Library/PrivateFrameworks/LanguageModeling.framework/Versions/A/LanguageModeling
0x00007fff5a9ce000 	/System/Library/PrivateFrameworks/CoreEmoji.framework/Versions/A/CoreEmoji
0x00007fff6508a000 	/System/Library/PrivateFrameworks/Lexicon.framework/Versions/A/Lexicon
0x00007fff650d2000 	/System/Library/PrivateFrameworks/LinguisticData.framework/Versions/A/LinguisticData
0x00007fff71214000 	/usr/lib/libcmph.dylib
0x00007fff52846000 	/System/Library/Frameworks/ServiceManagement.framework/Versions/A/ServiceManagement
0x00007fff57ffb000 	/System/Library/PrivateFrameworks/BackgroundTaskManagement.framework/Versions/A/BackgroundTaskManagement
0x00007fff738ab000 	/usr/lib/libxslt.1.dylib
0x00007fff45fdc000 	/System/Library/Frameworks/Carbon.framework/Versions/A/Frameworks/Ink.framework/Versions/A/Ink
0x00007fff6ea9d000 	/System/Library/PrivateFrameworks/TextureIO.framework/Versions/A/TextureIO
0x00007fff7102a000 	/usr/lib/libate.dylib
0x00007fff5bcf6000 	/System/Library/PrivateFrameworks/CrashReporterSupport.framework/Versions/A/CrashReporterSupport
0x00007fff6bacd000 	/System/Library/PrivateFrameworks/Sharing.framework/Versions/A/Sharing
0x00007fff57b87000 	/System/Library/PrivateFrameworks/AuthKit.framework/Versions/A/AuthKit
0x00007fff56fb9000 	/System/Library/PrivateFrameworks/Apple80211.framework/Versions/A/Apple80211
0x00007fff5babc000 	/System/Library/PrivateFrameworks/CoreUtils.framework/Versions/A/CoreUtils
0x00007fff4889e000 	/System/Library/Frameworks/CoreWLAN.framework/Versions/A/CoreWLAN
0x00007fff49307000 	/System/Library/Frameworks/IOBluetooth.framework/Versions/A/IOBluetooth
0x00007fff69e33000 	/System/Library/PrivateFrameworks/ProtocolBuffer.framework/Versions/A/ProtocolBuffer
0x00007fff66098000 	/System/Library/PrivateFrameworks/MobileKeyBag.framework/Versions/A/MobileKeyBag
0x00007fff5b2e4000 	/System/Library/PrivateFrameworks/CorePhoneNumbers.framework/Versions/A/CorePhoneNumbers
0x00007fff573ce000 	/System/Library/PrivateFrameworks/AppleIDAuthSupport.framework/Versions/A/AppleIDAuthSupport
0x00007fff64f64000 	/System/Library/PrivateFrameworks/KeychainCircle.framework/Versions/A/KeychainCircle
0x00007fff6a000000 	/System/Library/PrivateFrameworks/ROCKit.framework/Versions/A/ROCKit
0x00007fff5bc92000 	/System/Library/PrivateFrameworks/CoreWiFi.framework/Versions/A/CoreWiFi
0x00007fff46549000 	/System/Library/Frameworks/CoreBluetooth.framework/Versions/A/CoreBluetooth
0x00007fff5bee6000 	/System/Library/PrivateFrameworks/DebugSymbols.framework/Versions/A/DebugSymbols
0x00007fff5b871000 	/System/Library/PrivateFrameworks/CoreSymbolication.framework/Versions/A/CoreSymbolication
0x00007fff6e28b000 	/System/Library/PrivateFrameworks/Symbolication.framework/Versions/A/Symbolication
0x00007fff6d41d000 	/System/Library/PrivateFrameworks/SpeechRecognitionCore.framework/Versions/A/SpeechRecognitionCore
0x0000000107963000 	/Library/Java/JavaVirtualMachines/jdk-9.0.1.jdk/Contents/Home/lib/server/libjvm.dylib
0x00007fff73675000 	/usr/lib/libstdc++.6.dylib
0x0000000108605000 	/Library/Java/JavaVirtualMachines/jdk-9.0.1.jdk/Contents/Home/lib/libverify.dylib
0x0000000108612000 	/Library/Java/JavaVirtualMachines/jdk-9.0.1.jdk/Contents/Home/lib/libjava.dylib
0x0000000108648000 	/Library/Java/JavaVirtualMachines/jdk-9.0.1.jdk/Contents/Home/lib/libjdwp.dylib
0x00000001086cd000 	/Library/Java/JavaVirtualMachines/jdk-9.0.1.jdk/Contents/Home/lib/libzip.dylib
0x00000001086d5000 	/Library/Java/JavaVirtualMachines/jdk-9.0.1.jdk/Contents/Home/lib/libjimage.dylib
0x000000010a0bd000 	/Library/Java/JavaVirtualMachines/jdk-9.0.1.jdk/Contents/Home/lib/libnio.dylib
0x000000012aad8000 	/Library/Java/JavaVirtualMachines/jdk-9.0.1.jdk/Contents/Home/lib/./libnet.dylib
0x000000012ab99000 	/Library/Java/JavaVirtualMachines/jdk-9.0.1.jdk/Contents/Home/lib/libdt_socket.dylib
0x000000012abc2000 	/Library/Java/JavaVirtualMachines/jdk-9.0.1.jdk/Contents/Home/lib/libmanagement.dylib
0x000000012abc7000 	/Library/Java/JavaVirtualMachines/jdk-9.0.1.jdk/Contents/Home/lib/libmanagement_ext.dylib

VM Arguments:
jvm_args: -agentlib:jdwp=transport=dt_socket,address=127.0.0.1:60019,suspend=y,server=n -ea -Didea.test.cyclic.buffer.size=1048576 -Dfile.encoding=UTF-8 
java_command: com.intellij.rt.execution.junit.JUnitStarter -ideVersion5 -junit4 com.restwebservice.synethesis.controllers.UserControllerTest,createUserNameValidationTest
java_class_path (initial): /Applications/IntelliJ IDEA.app/Contents/lib/idea_rt.jar:/Applications/IntelliJ IDEA.app/Contents/plugins/junit/lib/junit-rt.jar:/Applications/IntelliJ IDEA.app/Contents/plugins/junit/lib/junit5-rt.jar:/Users/saurabhmoghe/Downloads/synethesis/target/test-classes:/Users/saurabhmoghe/Downloads/synethesis/target/classes:/Users/saurabhmoghe/.m2/repository/org/springframework/boot/spring-boot-starter-data-jpa/2.1.5.RELEASE/spring-boot-starter-data-jpa-2.1.5.RELEASE.jar:/Users/saurabhmoghe/.m2/repository/org/springframework/boot/spring-boot-starter-aop/2.1.5.RELEASE/spring-boot-starter-aop-2.1.5.RELEASE.jar:/Users/saurabhmoghe/.m2/repository/org/springframework/spring-aop/5.1.7.RELEASE/spring-aop-5.1.7.RELEASE.jar:/Users/saurabhmoghe/.m2/repository/org/aspectj/aspectjweaver/1.9.4/aspectjweaver-1.9.4.jar:/Users/saurabhmoghe/.m2/repository/org/springframework/boot/spring-boot-starter-jdbc/2.1.5.RELEASE/spring-boot-starter-jdbc-2.1.5.RELEASE.jar:/Users/saurabhmoghe/.m2/repository/com/zaxxer/HikariCP/3.2.0/HikariCP-3.2.0.jar:/Users/saurabhmoghe/.m2/repository/org/springframework/spring-jdbc/5.1.7.RELEASE/spring-jdbc-5.1.7.RELEASE.jar:/Users/saurabhmoghe/.m2/repository/javax/transaction/javax.transaction-api/1.3/javax.transaction-api-1.3.jar:/Users/saurabhmoghe/.m2/repository/javax/xml/bind/jaxb-api/2.3.1/jaxb-api-2.3.1.jar:/Users/saurabhmoghe/.m2/repository/javax/activation/javax.activation-api/1.2.0/javax.activation-api-1.2.0.jar:/Users/saurabhmoghe/.m2/repository/org/hibernate/hibernate-core/5.3.10.Final/hibernate-core-5.3.10.Final.jar:/Users/saurabhmoghe/.m2/repository/org/jboss/logging/jboss-logging/3.3.2.Final/jboss-logging-3.3.2.Final.jar:/Users/saurabhmoghe/.m2/repository/javax/persistence/javax.persistence-api/2.2/javax.persistence-api-2.2.jar:/Users/saurabhmoghe/.m2/repository/org/javassist/javassist/3.23.2-GA/javassist-3.23.2-GA.jar:/Users/saurabhmoghe/.m2/repository/net/bytebuddy/byte-buddy/1.9.12/byte-buddy-1.9.12.jar:/Users/saurabhmog
Launcher Type: SUN_STANDARD

Logging:
Log output configuration:
#0: stdout all=warning uptime,level,tags
#1: stderr all=off uptime,level,tags

Environment Variables:
PATH=/usr/local/bin:/usr/bin:/bin:/usr/sbin:/sbin:/Applications/VMware Fusion.app/Contents/Public:/usr/local/share/dotnet:/Library/Frameworks/Mono.framework/Versions/Current/Commands:/Applications/Xamarin Workbooks.app/Contents/SharedSupport/path-bin:/Users/saurabhmoghe/Library/Android/sdk/tools:/Users/saurabhmoghe/Library/Android/sdk/tools/bin:/Users/saurabhmoghe/Library/Android/sdk/platform-tools
SHELL=/bin/bash

Signal Handlers:
SIGSEGV: [libjvm.dylib+0x73e2dc], sa_mask[0]=11111111011111110111111111111111, sa_flags=SA_ONSTACK|SA_RESTART|SA_SIGINFO
SIGBUS: [libjvm.dylib+0x73e2dc], sa_mask[0]=11111111011111110111111111111111, sa_flags=SA_RESTART|SA_SIGINFO
SIGFPE: [libjvm.dylib+0x73e2dc], sa_mask[0]=11111111011111110111111111111111, sa_flags=SA_RESTART|SA_SIGINFO
SIGPIPE: [libjvm.dylib+0x5f15ac], sa_mask[0]=11111111011111110111111111111111, sa_flags=SA_RESTART|SA_SIGINFO
SIGXFSZ: [libjvm.dylib+0x5f15ac], sa_mask[0]=11111111011111110111111111111111, sa_flags=SA_RESTART|SA_SIGINFO
SIGILL: [libjvm.dylib+0x73e2dc], sa_mask[0]=11111111011111110111111111111111, sa_flags=SA_RESTART|SA_SIGINFO
SIGUSR2: [libjvm.dylib+0x5f1e3c], sa_mask[0]=00100000000000000000000000000000, sa_flags=SA_RESTART|SA_SIGINFO
SIGHUP: [libjvm.dylib+0x5f0679], sa_mask[0]=11111111011111110111111111111111, sa_flags=SA_RESTART|SA_SIGINFO
SIGINT: [libjvm.dylib+0x5f0679], sa_mask[0]=11111111011111110111111111111111, sa_flags=SA_RESTART|SA_SIGINFO
SIGTERM: [libjvm.dylib+0x5f0679], sa_mask[0]=11111111011111110111111111111111, sa_flags=SA_RESTART|SA_SIGINFO
SIGQUIT: [libjvm.dylib+0x5f0679], sa_mask[0]=11111111011111110111111111111111, sa_flags=SA_RESTART|SA_SIGINFO


---------------  S Y S T E M  ---------------

OS:uname:Darwin 18.0.0 Darwin Kernel Version 18.0.0: Wed Aug 22 20:13:40 PDT 2018; root:xnu-4903.201.2~1/RELEASE_X86_64 x86_64
rlimit: STACK 8192k, CORE 0k, NPROC 709, NOFILE 10240, AS infinity
load average:4.66 3.49 3.26

CPU:total 4 (initial active 4) (2 cores per cpu, 2 threads per core) family 6 model 142 stepping 9, cmov, cx8, fxsr, mmx, sse, sse2, sse3, ssse3, sse4.1, sse4.2, popcnt, avx, avx2, aes, clmul, erms, rtm, 3dnowpref, lzcnt, ht, tsc, tscinvbit, bmi1, bmi2, adx, fma

Memory: 4k page, physical 8388608k(308944k free)

vm_info: Java HotSpot(TM) 64-Bit Server VM (9.0.1+11) for bsd-amd64 JRE (9.0.1+11), built on Sep 28 2017 03:49:57 by "mach5one" with gcc 4.2.1 Compatible Apple LLVM 6.1.0 (clang-602.0.49)

END.
